{
  "0 debug pnpm:scope": {
    "selected": 1
  },
  "1 error pnpm": {
    "code": "ELIFECYCLE",
    "errno": "ENOENT",
    "syscall": "spawn",
    "file": "sh",
    "pkgid": "@",
    "stage": "build:html",
    "script": "html-minifier --collapse-boolean-attributes --collapse-inline-tag-whitespace --collapse-whitespace --minify-css --minify-js --remove-attribute-quotes --remove-comments --remove-tag-whitespace resources/index.html --output public/index.html",
    "err": {
      "name": "pnpm",
      "message": "@ build:html: `html-minifier --collapse-boolean-attributes --collapse-inline-tag-whitespace --collapse-whitespace --minify-css --minify-js --remove-attribute-quotes --remove-comments --remove-tag-whitespace resources/index.html --output public/index.html`\nspawn ENOENT",
      "code": "ELIFECYCLE",
      "stack": "pnpm: @ build:html: `html-minifier --collapse-boolean-attributes --collapse-inline-tag-whitespace --collapse-whitespace --minify-css --minify-js --remove-attribute-quotes --remove-comments --remove-tag-whitespace resources/index.html --output public/index.html`\nspawn ENOENT\n    at ChildProcess.<anonymous> (/usr/lib/node_modules/pnpm/dist/pnpm.cjs:93511:22)\n    at ChildProcess.emit (node:events:527:28)\n    at maybeClose (node:internal/child_process:1090:16)\n    at ChildProcess._handle.onexit (node:internal/child_process:302:5)"
    }
  },
  "2 warn pnpm:global": " Local package.json exists, but node_modules missing, did you mean to install?"
}